<?xml version="1.0" encoding="UTF-8"?>
<!-- Generated by org.testng.reporters.JUnitReportReporter -->
<testsuite hostname="DESKTOP-B78M9JI" name="testiranje.drugiTest" tests="1" failures="0" timestamp="12 Nov 2023 16:45:28 GMT" time="25.515" errors="0">
  <testcase name="drugiTest" time="25.515" classname="testiranje.drugiTest"/>
</testsuite> <!-- testiranje.drugiTest -->
